<?xml version="1.0" encoding="UTF-8"?>
<!-- Generated by org.testng.reporters.JUnitReportReporter -->
<testsuite hostname="LAPTOP-36QH3DNI" failures="0" tests="1" name="testscript.SearchPageTest" time="21.642" errors="0" timestamp="2024-06-12T01:04:50 IST" skipped="0">
  <testcase classname="testscript.SearchPageTest" name="PageFinding" time="21.642"/>
  <system-out/>
</testsuite> <!-- testscript.SearchPageTest -->
