<?xml version="1.0" encoding="UTF-8"?>
<!-- Generated by org.testng.reporters.JUnitReportReporter -->
<testsuite hostname="LAPTOP-36QH3DNI" failures="0" tests="1" name="testscript.NewPageTest" time="14.033" errors="0" timestamp="2024-06-11T23:43:08 IST" skipped="0">
  <testcase classname="testscript.NewPageTest" name="newPageAdded" time="14.033"/>
  <system-out/>
</testsuite> <!-- testscript.NewPageTest -->
