<?xml version="1.0" encoding="UTF-8"?>
<!-- Generated by org.testng.reporters.JUnitReportReporter -->
<testsuite hostname="LAPTOP-36QH3DNI" failures="0" tests="1" name="testscript.TestClass" time="9.483" errors="0" timestamp="2024-06-13T22:58:33 IST" skipped="0">
  <testcase classname="testscript.TestClass" name="verifyNewUserCanBeAdded" time="9.483"/>
  <system-out/>
</testsuite> <!-- testscript.TestClass -->
