<?xml version="1.0" encoding="UTF-8"?>
<!-- Generated by org.testng.reporters.JUnitReportReporter -->
<testsuite hostname="LAPTOP-36QH3DNI" failures="0" tests="1" name="testscript.SubCatTest" time="10.169" errors="0" timestamp="2024-06-13T12:49:33 IST" skipped="0">
  <testcase classname="testscript.SubCatTest" name="addSubCat" time="10.169"/>
  <system-out/>
</testsuite> <!-- testscript.SubCatTest -->
