<?xml version="1.0" encoding="UTF-8"?>
<!-- Generated by org.testng.reporters.JUnitReportReporter -->
<testsuite hostname="LAPTOP-36QH3DNI" failures="0" tests="1" name="testscript.SubCategorySearchTest" time="14.161" errors="0" timestamp="2024-06-13T12:59:48 IST" skipped="0">
  <testcase classname="testscript.SubCategorySearchTest" name="subCategoryisFound" time="14.161"/>
  <system-out/>
</testsuite> <!-- testscript.SubCategorySearchTest -->
