<?xml version="1.0" encoding="UTF-8"?>
<!-- Generated by org.testng.reporters.JUnitReportReporter -->
<testsuite hostname="LAPTOP-36QH3DNI" failures="0" tests="1" name="testscript.SearchNewsTest" time="16.048" errors="0" timestamp="2024-06-12T00:23:07 IST" skipped="0">
  <testcase classname="testscript.SearchNewsTest" name="searchNewss" time="16.048"/>
  <system-out/>
</testsuite> <!-- testscript.SearchNewsTest -->
