<?xml version="1.0" encoding="UTF-8"?>
<!-- Generated by org.testng.reporters.JUnitReportReporter -->
<testsuite hostname="LAPTOP-36QH3DNI" failures="0" tests="1" name="testscript.NewsTest" time="7.821" errors="0" timestamp="2024-06-13T12:51:45 IST" skipped="0">
  <testcase classname="testscript.NewsTest" name="addNews" time="7.821"/>
  <system-out/>
</testsuite> <!-- testscript.NewsTest -->
