<?xml version="1.0" encoding="UTF-8"?>
<!-- Generated by org.testng.reporters.JUnitReportReporter -->
<testsuite hostname="LAPTOP-36QH3DNI" failures="0" tests="1" name="testscript.AdminSearchTest" time="8.113" errors="0" timestamp="2024-06-13T13:00:23 IST" skipped="0">
  <testcase classname="testscript.AdminSearchTest" name="findUser" time="8.113"/>
  <system-out/>
</testsuite> <!-- testscript.AdminSearchTest -->
